[1.043s] DEBUG:colcon:Command line arguments: ['/usr/bin/colcon', 'build', '--packages-select', 'hand_controlled_robot']
[1.043s] DEBUG:colcon:Parsed command line arguments: Namespace(log_base=None, log_level=None, verb_name='build', build_base='build', install_base='install', merge_install=False, symlink_install=False, test_result_base=None, continue_on_error=False, executor='parallel', parallel_workers=8, event_handlers=None, ignore_user_meta=False, metas=['./colcon.meta'], base_paths=['.'], packages_ignore=None, packages_ignore_regex=None, paths=None, packages_up_to=None, packages_up_to_regex=None, packages_above=None, packages_above_and_dependencies=None, packages_above_depth=None, packages_select_by_dep=None, packages_skip_by_dep=None, packages_skip_up_to=None, packages_select_build_failed=False, packages_skip_build_finished=False, packages_select_test_failures=False, packages_skip_test_passed=False, packages_select=['hand_controlled_robot'], packages_skip=None, packages_select_regex=None, packages_skip_regex=None, packages_start=None, packages_end=None, allow_overriding=[], cmake_args=None, cmake_target=None, cmake_target_skip_unavailable=False, cmake_clean_cache=False, cmake_clean_first=False, cmake_force_configure=False, ament_cmake_args=None, catkin_cmake_args=None, catkin_skip_building_tests=False, mixin_files=None, mixin=None, verb_parser=<colcon_mixin.mixin.mixin_argument.MixinArgumentDecorator object at 0x753b8bc5af80>, verb_extension=<colcon_core.verb.build.BuildVerb object at 0x753b8bc5aad0>, main=<bound method BuildVerb.main of <colcon_core.verb.build.BuildVerb object at 0x753b8bc5aad0>>, mixin_verb=('build',))
[7.550s] Level 1:colcon.colcon_core.package_discovery:discover_packages(colcon_meta) check parameters
[7.551s] Level 1:colcon.colcon_core.package_discovery:discover_packages(recursive) check parameters
[7.551s] Level 1:colcon.colcon_core.package_discovery:discover_packages(ignore) check parameters
[7.551s] Level 1:colcon.colcon_core.package_discovery:discover_packages(path) check parameters
[7.551s] Level 1:colcon.colcon_core.package_discovery:discover_packages(colcon_meta) discover
[7.551s] Level 1:colcon.colcon_core.package_discovery:discover_packages(recursive) discover
[7.551s] INFO:colcon.colcon_core.package_discovery:Crawling recursively for packages in '/home/thedush/hand_robot_ws'
[7.551s] Level 1:colcon.colcon_core.package_identification:_identify(.) by extensions ['ignore', 'ignore_ament_install']
[7.551s] Level 1:colcon.colcon_core.package_identification:_identify(.) by extension 'ignore'
[7.551s] Level 1:colcon.colcon_core.package_identification:_identify(.) by extension 'ignore_ament_install'
[7.552s] Level 1:colcon.colcon_core.package_identification:_identify(.) by extensions ['colcon_pkg']
[7.552s] Level 1:colcon.colcon_core.package_identification:_identify(.) by extension 'colcon_pkg'
[7.552s] Level 1:colcon.colcon_core.package_identification:_identify(.) by extensions ['colcon_meta']
[7.552s] Level 1:colcon.colcon_core.package_identification:_identify(.) by extension 'colcon_meta'
[7.552s] Level 1:colcon.colcon_core.package_identification:_identify(.) by extensions ['ros']
[7.552s] Level 1:colcon.colcon_core.package_identification:_identify(.) by extension 'ros'
[7.570s] Level 1:colcon.colcon_core.package_identification:_identify(.) by extensions ['cmake', 'python']
[7.570s] Level 1:colcon.colcon_core.package_identification:_identify(.) by extension 'cmake'
[7.570s] Level 1:colcon.colcon_core.package_identification:_identify(.) by extension 'python'
[7.570s] Level 1:colcon.colcon_core.package_identification:_identify(.) by extensions ['python_setup_py']
[7.570s] Level 1:colcon.colcon_core.package_identification:_identify(.) by extension 'python_setup_py'
[7.570s] Level 1:colcon.colcon_core.package_identification:_identify(build) by extensions ['ignore', 'ignore_ament_install']
[7.570s] Level 1:colcon.colcon_core.package_identification:_identify(build) by extension 'ignore'
[7.570s] Level 1:colcon.colcon_core.package_identification:_identify(build) ignored
[7.570s] Level 1:colcon.colcon_core.package_identification:_identify(install) by extensions ['ignore', 'ignore_ament_install']
[7.570s] Level 1:colcon.colcon_core.package_identification:_identify(install) by extension 'ignore'
[7.570s] Level 1:colcon.colcon_core.package_identification:_identify(install) ignored
[7.570s] Level 1:colcon.colcon_core.package_identification:_identify(log) by extensions ['ignore', 'ignore_ament_install']
[7.570s] Level 1:colcon.colcon_core.package_identification:_identify(log) by extension 'ignore'
[7.570s] Level 1:colcon.colcon_core.package_identification:_identify(log) ignored
[7.571s] Level 1:colcon.colcon_core.package_identification:_identify(src) by extensions ['ignore', 'ignore_ament_install']
[7.571s] Level 1:colcon.colcon_core.package_identification:_identify(src) by extension 'ignore'
[7.571s] Level 1:colcon.colcon_core.package_identification:_identify(src) by extension 'ignore_ament_install'
[7.571s] Level 1:colcon.colcon_core.package_identification:_identify(src) by extensions ['colcon_pkg']
[7.571s] Level 1:colcon.colcon_core.package_identification:_identify(src) by extension 'colcon_pkg'
[7.571s] Level 1:colcon.colcon_core.package_identification:_identify(src) by extensions ['colcon_meta']
[7.571s] Level 1:colcon.colcon_core.package_identification:_identify(src) by extension 'colcon_meta'
[7.571s] Level 1:colcon.colcon_core.package_identification:_identify(src) by extensions ['ros']
[7.571s] Level 1:colcon.colcon_core.package_identification:_identify(src) by extension 'ros'
[7.571s] Level 1:colcon.colcon_core.package_identification:_identify(src) by extensions ['cmake', 'python']
[7.571s] Level 1:colcon.colcon_core.package_identification:_identify(src) by extension 'cmake'
[7.571s] Level 1:colcon.colcon_core.package_identification:_identify(src) by extension 'python'
[7.571s] Level 1:colcon.colcon_core.package_identification:_identify(src) by extensions ['python_setup_py']
[7.571s] Level 1:colcon.colcon_core.package_identification:_identify(src) by extension 'python_setup_py'
[7.571s] Level 1:colcon.colcon_core.package_identification:_identify(src/hand_controlled_robot) by extensions ['ignore', 'ignore_ament_install']
[7.571s] Level 1:colcon.colcon_core.package_identification:_identify(src/hand_controlled_robot) by extension 'ignore'
[7.571s] Level 1:colcon.colcon_core.package_identification:_identify(src/hand_controlled_robot) by extension 'ignore_ament_install'
[7.571s] Level 1:colcon.colcon_core.package_identification:_identify(src/hand_controlled_robot) by extensions ['colcon_pkg']
[7.571s] Level 1:colcon.colcon_core.package_identification:_identify(src/hand_controlled_robot) by extension 'colcon_pkg'
[7.571s] Level 1:colcon.colcon_core.package_identification:_identify(src/hand_controlled_robot) by extensions ['colcon_meta']
[7.571s] Level 1:colcon.colcon_core.package_identification:_identify(src/hand_controlled_robot) by extension 'colcon_meta'
[7.571s] Level 1:colcon.colcon_core.package_identification:_identify(src/hand_controlled_robot) by extensions ['ros']
[7.571s] Level 1:colcon.colcon_core.package_identification:_identify(src/hand_controlled_robot) by extension 'ros'
[7.601s] DEBUG:colcon.colcon_core.package_identification:Package 'src/hand_controlled_robot' with type 'ros.ament_python' and name 'hand_controlled_robot'
[7.601s] Level 1:colcon.colcon_core.package_discovery:discover_packages(recursive) using defaults
[7.602s] Level 1:colcon.colcon_core.package_discovery:discover_packages(ignore) discover
[7.602s] Level 1:colcon.colcon_core.package_discovery:discover_packages(ignore) using defaults
[7.602s] Level 1:colcon.colcon_core.package_discovery:discover_packages(path) discover
[7.602s] Level 1:colcon.colcon_core.package_discovery:discover_packages(path) using defaults
[7.881s] Level 1:colcon.colcon_core.package_discovery:discover_packages(prefix_path) check parameters
[7.881s] Level 1:colcon.colcon_core.package_discovery:discover_packages(prefix_path) discover
[7.898s] DEBUG:colcon.colcon_installed_package_information.package_discovery:Found 340 installed packages in /opt/ros/humble
[7.900s] Level 1:colcon.colcon_core.package_discovery:discover_packages(prefix_path) using defaults
[8.003s] Level 5:colcon.colcon_core.verb:set package 'hand_controlled_robot' build argument 'cmake_args' from command line to 'None'
[8.003s] Level 5:colcon.colcon_core.verb:set package 'hand_controlled_robot' build argument 'cmake_target' from command line to 'None'
[8.003s] Level 5:colcon.colcon_core.verb:set package 'hand_controlled_robot' build argument 'cmake_target_skip_unavailable' from command line to 'False'
[8.003s] Level 5:colcon.colcon_core.verb:set package 'hand_controlled_robot' build argument 'cmake_clean_cache' from command line to 'False'
[8.003s] Level 5:colcon.colcon_core.verb:set package 'hand_controlled_robot' build argument 'cmake_clean_first' from command line to 'False'
[8.003s] Level 5:colcon.colcon_core.verb:set package 'hand_controlled_robot' build argument 'cmake_force_configure' from command line to 'False'
[8.003s] Level 5:colcon.colcon_core.verb:set package 'hand_controlled_robot' build argument 'ament_cmake_args' from command line to 'None'
[8.003s] Level 5:colcon.colcon_core.verb:set package 'hand_controlled_robot' build argument 'catkin_cmake_args' from command line to 'None'
[8.003s] Level 5:colcon.colcon_core.verb:set package 'hand_controlled_robot' build argument 'catkin_skip_building_tests' from command line to 'False'
[8.003s] DEBUG:colcon.colcon_core.verb:Building package 'hand_controlled_robot' with the following arguments: {'ament_cmake_args': None, 'build_base': '/home/thedush/hand_robot_ws/build/hand_controlled_robot', 'catkin_cmake_args': None, 'catkin_skip_building_tests': False, 'cmake_args': None, 'cmake_clean_cache': False, 'cmake_clean_first': False, 'cmake_force_configure': False, 'cmake_target': None, 'cmake_target_skip_unavailable': False, 'install_base': '/home/thedush/hand_robot_ws/install/hand_controlled_robot', 'merge_install': False, 'path': '/home/thedush/hand_robot_ws/src/hand_controlled_robot', 'symlink_install': False, 'test_result_base': None}
[8.003s] INFO:colcon.colcon_core.executor:Executing jobs using 'parallel' executor
[8.004s] DEBUG:colcon.colcon_parallel_executor.executor.parallel:run_until_complete
[8.004s] INFO:colcon.colcon_ros.task.ament_python.build:Building ROS package in '/home/thedush/hand_robot_ws/src/hand_controlled_robot' with build type 'ament_python'
[8.005s] Level 1:colcon.colcon_core.shell:create_environment_hook('hand_controlled_robot', 'ament_prefix_path')
[8.265s] INFO:colcon.colcon_core.plugin_system:Skipping extension 'colcon_core.shell.bat': Not used on non-Windows systems
[8.265s] INFO:colcon.colcon_core.shell:Creating environment hook '/home/thedush/hand_robot_ws/install/hand_controlled_robot/share/hand_controlled_robot/hook/ament_prefix_path.ps1'
[8.266s] INFO:colcon.colcon_core.shell:Creating environment descriptor '/home/thedush/hand_robot_ws/install/hand_controlled_robot/share/hand_controlled_robot/hook/ament_prefix_path.dsv'
[8.301s] INFO:colcon.colcon_core.shell:Creating environment hook '/home/thedush/hand_robot_ws/install/hand_controlled_robot/share/hand_controlled_robot/hook/ament_prefix_path.sh'
[8.303s] INFO:colcon.colcon_core.shell:Skip shell extension 'powershell' for command environment: Not usable outside of PowerShell
[8.303s] DEBUG:colcon.colcon_core.shell:Skip shell extension 'dsv' for command environment
[9.028s] DEBUG:colcon.colcon_parallel_executor.executor.parallel:closing loop
[9.028s] DEBUG:colcon.colcon_parallel_executor.executor.parallel:loop closed
[9.028s] DEBUG:colcon.colcon_parallel_executor.executor.parallel:run_until_complete finished with 'Command '['/usr/bin/python3', '-c', 'import sys;from contextlib import suppress;exec("with suppress(ImportError):    from setuptools.extern.packaging.specifiers    import SpecifierSet");exec("with suppress(ImportError):    from packaging.specifiers import SpecifierSet");from distutils.core import run_setup;dist = run_setup(    \'setup.py\', script_args=(\'--dry-run\',), stop_after=\'config\');skip_keys = (\'cmdclass\', \'distclass\', \'ext_modules\', \'metadata\');data = {    key: value for key, value in dist.__dict__.items()     if (        not key.startswith(\'_\') and         not callable(value) and         key not in skip_keys and         key not in dist.display_option_names    )};data[\'metadata\'] = {    k: v for k, v in dist.metadata.__dict__.items()     if k not in (\'license_files\', \'provides_extras\')};sys.stdout.buffer.write(repr(data).encode(\'utf-8\'))']' returned non-zero exit status 1.'
[9.028s] DEBUG:colcon.colcon_core.event_reactor:joining thread
[9.102s] INFO:colcon.colcon_core.plugin_system:Skipping extension 'colcon_notification.desktop_notification.terminal_notifier': Not used on non-Darwin systems
[9.102s] INFO:colcon.colcon_core.plugin_system:Skipping extension 'colcon_notification.desktop_notification.win32': Not used on non-Windows systems
[9.102s] INFO:colcon.colcon_notification.desktop_notification:Sending desktop notification using 'notify2'
[9.496s] DEBUG:colcon.colcon_core.event_reactor:joined thread
[9.497s] INFO:colcon.colcon_core.shell:Creating prefix script '/home/thedush/hand_robot_ws/install/local_setup.ps1'
[9.499s] INFO:colcon.colcon_core.shell:Creating prefix util module '/home/thedush/hand_robot_ws/install/_local_setup_util_ps1.py'
[9.502s] INFO:colcon.colcon_core.shell:Creating prefix chain script '/home/thedush/hand_robot_ws/install/setup.ps1'
[9.503s] INFO:colcon.colcon_core.shell:Creating prefix script '/home/thedush/hand_robot_ws/install/local_setup.sh'
[9.504s] INFO:colcon.colcon_core.shell:Creating prefix util module '/home/thedush/hand_robot_ws/install/_local_setup_util_sh.py'
[9.505s] INFO:colcon.colcon_core.shell:Creating prefix chain script '/home/thedush/hand_robot_ws/install/setup.sh'
[9.507s] INFO:colcon.colcon_core.shell:Creating prefix script '/home/thedush/hand_robot_ws/install/local_setup.bash'
[9.509s] INFO:colcon.colcon_core.shell:Creating prefix chain script '/home/thedush/hand_robot_ws/install/setup.bash'
[9.511s] INFO:colcon.colcon_core.shell:Creating prefix script '/home/thedush/hand_robot_ws/install/local_setup.zsh'
[9.512s] INFO:colcon.colcon_core.shell:Creating prefix chain script '/home/thedush/hand_robot_ws/install/setup.zsh'
