running egg_info
creating ../../build/hand_controlled_robot/hand_controlled_robot.egg-info
writing ../../build/hand_controlled_robot/hand_controlled_robot.egg-info/PKG-INFO
writing dependency_links to ../../build/hand_controlled_robot/hand_controlled_robot.egg-info/dependency_links.txt
writing entry points to ../../build/hand_controlled_robot/hand_controlled_robot.egg-info/entry_points.txt
writing requirements to ../../build/hand_controlled_robot/hand_controlled_robot.egg-info/requires.txt
writing top-level names to ../../build/hand_controlled_robot/hand_controlled_robot.egg-info/top_level.txt
writing manifest file '../../build/hand_controlled_robot/hand_controlled_robot.egg-info/SOURCES.txt'
reading manifest file '../../build/hand_controlled_robot/hand_controlled_robot.egg-info/SOURCES.txt'
writing manifest file '../../build/hand_controlled_robot/hand_controlled_robot.egg-info/SOURCES.txt'
running build
running build_py
creating /home/thedush/hand_robot_ws/build/hand_controlled_robot/build
creating /home/thedush/hand_robot_ws/build/hand_controlled_robot/build/lib
creating /home/thedush/hand_robot_ws/build/hand_controlled_robot/build/lib/hand_controlled_robot
copying hand_controlled_robot/__init__.py -> /home/thedush/hand_robot_ws/build/hand_controlled_robot/build/lib/hand_controlled_robot
copying hand_controlled_robot/hand_controlled_robot_node.py -> /home/thedush/hand_robot_ws/build/hand_controlled_robot/build/lib/hand_controlled_robot
running install
running install_lib
creating /home/thedush/hand_robot_ws/install/hand_controlled_robot/lib/python3.10/site-packages/hand_controlled_robot
copying /home/thedush/hand_robot_ws/build/hand_controlled_robot/build/lib/hand_controlled_robot/__init__.py -> /home/thedush/hand_robot_ws/install/hand_controlled_robot/lib/python3.10/site-packages/hand_controlled_robot
copying /home/thedush/hand_robot_ws/build/hand_controlled_robot/build/lib/hand_controlled_robot/hand_controlled_robot_node.py -> /home/thedush/hand_robot_ws/install/hand_controlled_robot/lib/python3.10/site-packages/hand_controlled_robot
byte-compiling /home/thedush/hand_robot_ws/install/hand_controlled_robot/lib/python3.10/site-packages/hand_controlled_robot/__init__.py to __init__.cpython-310.pyc
byte-compiling /home/thedush/hand_robot_ws/install/hand_controlled_robot/lib/python3.10/site-packages/hand_controlled_robot/hand_controlled_robot_node.py to hand_controlled_robot_node.cpython-310.pyc
running install_data
creating /home/thedush/hand_robot_ws/install/hand_controlled_robot/share/ament_index
creating /home/thedush/hand_robot_ws/install/hand_controlled_robot/share/ament_index/resource_index
creating /home/thedush/hand_robot_ws/install/hand_controlled_robot/share/ament_index/resource_index/packages
copying resource/hand_controlled_robot -> /home/thedush/hand_robot_ws/install/hand_controlled_robot/share/ament_index/resource_index/packages
copying package.xml -> /home/thedush/hand_robot_ws/install/hand_controlled_robot/share/hand_controlled_robot
creating /home/thedush/hand_robot_ws/install/hand_controlled_robot/share/hand_controlled_robot/launch
copying hand_controlled_robot/launch/hand_control.launch.py -> /home/thedush/hand_robot_ws/install/hand_controlled_robot/share/hand_controlled_robot/launch
running install_egg_info
Copying ../../build/hand_controlled_robot/hand_controlled_robot.egg-info to /home/thedush/hand_robot_ws/install/hand_controlled_robot/lib/python3.10/site-packages/hand_controlled_robot-0.0.0-py3.10.egg-info
running install_scripts
Installing hand_controlled_robot_node script to /home/thedush/hand_robot_ws/install/hand_controlled_robot/lib/hand_controlled_robot
writing list of installed files to '/home/thedush/hand_robot_ws/build/hand_controlled_robot/install.log'
